<?xml version="1.0" encoding="UTF-8"?>
<!-- Generated by org.testng.reporters.JUnitXMLReporter -->
<testsuite hostname="computer" ignored="1" name="test" tests="3" failures="0" timestamp="19 Oct 2017 12:13:11 GMT" time="0.007" errors="0">
  <testcase name="testMethodB" time="0.0" classname="guruSelenium.Practice"/>
  <testcase name="testMethodB" time="0.0" classname="guruSelenium.Practice"/>
  <testcase name="testMethodB" time="0.001" classname="guruSelenium.Practice"/>
  <testcase name="testMethodA" time="0.0" classname="guruSelenium.Practice">
    <ignored/>
  </testcase> <!-- testMethodA -->
</testsuite> <!-- test -->
