<?xml version="1.0" encoding="UTF-8"?>
<testng-results skipped="0" failed="0" ignored="0" total="1" passed="1">
  <reporter-output>
  </reporter-output>
  <suite name="Default suite" duration-ms="45132" started-at="2018-03-02T09:14:29Z" finished-at="2018-03-02T09:15:14Z">
    <groups>
    </groups>
    <test name="Default test" duration-ms="45132" started-at="2018-03-02T09:14:29Z" finished-at="2018-03-02T09:15:14Z">
      <class name="Basics.MutlipWindowsQaTech">
        <test-method status="PASS" signature="test_closeAllWindowsExceptMainW()[pri:0, instance:Basics.MutlipWindowsQaTech@4b9e13df]" name="test_closeAllWindowsExceptMainW" duration-ms="45031" started-at="2018-03-02T14:44:29Z" finished-at="2018-03-02T14:45:14Z">
          <reporter-output>
          </reporter-output>
        </test-method> <!-- test_closeAllWindowsExceptMainW -->
      </class> <!-- Basics.MutlipWindowsQaTech -->
    </test> <!-- Default test -->
  </suite> <!-- Default suite -->
</testng-results>
